<?xml version="1.0" encoding="UTF-8"?>
<!-- Generated by org.testng.reporters.JUnitReportReporter -->
<testsuite hostname="LAP-ANKITAP" failures="0" tests="5" name="test.PIMTest" time="1.464" errors="0" timestamp="2024-10-19T19:28:27 IST" skipped="0">
  <testcase classname="test.PIMTest" name="verifyPimPageTitle" time="1.257"/>
  <system-out/>
  <testcase classname="test.PIMTest" name="verifyEmpSearchEmpId" time="0.203"/>
  <system-out/>
  <testcase classname="test.PIMTest" name="TestIngChanges" time="0.001"/>
  <system-out/>
  <testcase classname="test.PIMTest" name="TestGit1" time="0.001"/>
  <system-out/>
  <testcase classname="test.PIMTest" name="TestingGitFeature" time="0.002"/>
  <system-out/>
</testsuite> <!-- test.PIMTest -->
