<?xml version="1.0" encoding="UTF-8"?>
<!-- Generated by org.testng.reporters.JUnitReportReporter -->
<testsuite hostname="LAP-ANKITAP" failures="0" tests="4" name="test.LoginTest" time="1.998" errors="0" timestamp="2024-10-19T19:28:27 IST" skipped="0">
  <testcase classname="test.LoginTest" name="verifyBuildTitleName" time="0.013"/>
  <system-out/>
  <testcase classname="test.LoginTest" name="verifyTitleOfLoginPage" time="0.322"/>
  <system-out/>
  <testcase classname="test.LoginTest" name="verifyCurrentUrlOfPage" time="0.014"/>
  <system-out/>
  <testcase classname="test.LoginTest" name="verifyLoginWithCorrectCredentials" time="1.649"/>
  <system-out/>
</testsuite> <!-- test.LoginTest -->
