<?xml version="1.0" encoding="UTF-8"?>
<!-- Generated by org.testng.reporters.JUnitReportReporter -->
<testsuite hostname="LAP-ANKITAP" failures="0" tests="2" name="cmd.sdet.Apptest" time="0.046" errors="0" timestamp="2024-10-18T12:43:18 IST" skipped="0">
  <testcase classname="cmd.sdet.Apptest" name="testlogin1" time="0.045"/>
  <system-out/>
  <testcase classname="cmd.sdet.Apptest" name="testlogin2" time="0.001"/>
  <system-out/>
</testsuite> <!-- cmd.sdet.Apptest -->
