<?xml version="1.0" encoding="UTF-8"?>
<!-- Generated by org.testng.reporters.JUnitReportReporter -->
<testsuite hostname="LAP-ANKITAP" failures="0" tests="4" name="test.LoginTest" time="4.455" errors="0" timestamp="2024-10-19T22:18:18 IST" skipped="0">
  <testcase classname="test.LoginTest" name="verifyBuildTitleName" time="0.036"/>
  <system-out/>
  <testcase classname="test.LoginTest" name="verifyTitleOfLoginPage" time="1.728"/>
  <system-out/>
  <testcase classname="test.LoginTest" name="verifyCurrentUrlOfPage" time="0.042"/>
  <system-out/>
  <testcase classname="test.LoginTest" name="verifyLoginWithCorrectCredentials" time="2.649"/>
  <system-out/>
</testsuite> <!-- test.LoginTest -->
