<?xml version="1.0" encoding="UTF-8"?>
<!-- Generated by org.testng.reporters.JUnitReportReporter -->
<testsuite hostname="LAP-ANKITAP" failures="0" tests="1" name="test.BaseTest" time="4.028" errors="0" timestamp="2024-10-18T13:01:00 IST" skipped="0">
  <testcase classname="test.BaseTest" name="login" time="4.028"/>
  <system-out/>
</testsuite> <!-- test.BaseTest -->
