<?xml version="1.0" encoding="UTF-8"?>
<!-- Generated by org.testng.reporters.JUnitReportReporter -->
<testsuite hostname="LAP-ANKITAP" failures="0" tests="5" name="test.PIMTest" time="2.021" errors="0" timestamp="2024-10-19T22:18:18 IST" skipped="0">
  <testcase classname="test.PIMTest" name="verifyPimPageTitle" time="1.415"/>
  <system-out/>
  <testcase classname="test.PIMTest" name="verifyEmpSearchEmpId" time="0.599"/>
  <system-out/>
  <testcase classname="test.PIMTest" name="TestIngChanges" time="0.003"/>
  <system-out/>
  <testcase classname="test.PIMTest" name="TestGit1" time="0.002"/>
  <system-out/>
  <testcase classname="test.PIMTest" name="TestingGitFeature" time="0.002"/>
  <system-out/>
</testsuite> <!-- test.PIMTest -->
